c:\cppdevsp17\l1\debug\l1.pch
c:\cppdevsp17\l1\debug\vc141.pdb
c:\cppdevsp17\l1\debug\vc141.idb
c:\cppdevsp17\l1\debug\stdafx.obj
c:\cppdevsp17\l1\debug\boolwrapper.obj
c:\cppdevsp17\l1\debug\charwrapper.obj
c:\cppdevsp17\l1\debug\filebase.obj
c:\cppdevsp17\l1\debug\floatwrapper.obj
c:\cppdevsp17\l1\debug\intwrapper.obj
c:\cppdevsp17\l1\debug\longwrapper.obj
c:\cppdevsp17\l1\debug\text.obj
c:\cppdevsp17\l1\debug\driver.obj
c:\cppdevsp17\l1\debug\l1.exe
c:\cppdevsp17\l1\debug\l1.ilk
c:\cppdevsp17\l1\debug\l1.pdb
c:\cppdevsp17\l1\debug\l1.tlog\cl.command.1.tlog
c:\cppdevsp17\l1\debug\l1.tlog\cl.read.1.tlog
c:\cppdevsp17\l1\debug\l1.tlog\cl.write.1.tlog
c:\cppdevsp17\l1\debug\l1.tlog\link.command.1.tlog
c:\cppdevsp17\l1\debug\l1.tlog\link.read.1.tlog
c:\cppdevsp17\l1\debug\l1.tlog\link.write.1.tlog
